<?xml version="1.0" encoding="UTF-8"?>
<!-- Generated by org.testng.reporters.JUnitReportReporter -->
<testsuite hostname="Kotresh" failures="0" tests="1" name="hrm.HRhead.DashBoardTest" time="33.464" errors="0" timestamp="2023-07-13T16:17:58 IST" skipped="0">
  <testcase classname="hrm.HRhead.DashBoardTest" name="dashboardtest" time="33.464"/>
  <system-out/>
</testsuite> <!-- hrm.HRhead.DashBoardTest -->
