<?xml version="1.0" encoding="UTF-8"?>
<!-- Generated by org.testng.reporters.JUnitReportReporter -->
<testsuite hostname="Kotresh" failures="0" tests="1" name="hrm.HRhead.EmployeeTest" time="44.415" errors="0" timestamp="2023-07-13T16:17:58 IST" skipped="0">
  <testcase classname="hrm.HRhead.EmployeeTest" name="employeeTest" time="44.415"/>
  <system-out/>
</testsuite> <!-- hrm.HRhead.EmployeeTest -->
