<?xml version="1.0" encoding="UTF-8"?>
<!-- Generated by org.testng.reporters.JUnitReportReporter -->
<testsuite hostname="Kotresh" failures="0" tests="1" name="hrm.HRhead.EmployeeTest" time="47.062" errors="0" timestamp="2023-07-13T15:27:41 IST" skipped="0">
  <testcase classname="hrm.HRhead.EmployeeTest" name="employeeTest" time="47.062"/>
  <system-out/>
</testsuite> <!-- hrm.HRhead.EmployeeTest -->
